2021-06-10 22:46:24.524  INFO 16056 --- [restartedMain] c.example.monitoring.MonitoringService   : Starting MonitoringService on DESKTOP-IL0MPIU with PID 16056 (C:\Users\Sasha\Desktop\MonitoringSystem\target\classes started by Sasha in C:\Users\Sasha\Desktop\MonitoringSystem)
2021-06-10 22:46:24.532  INFO 16056 --- [restartedMain] c.example.monitoring.MonitoringService   : No active profile set, falling back to default profiles: default
2021-06-10 22:46:24.595  INFO 16056 --- [restartedMain] o.s.b.devtools.restart.ChangeableUrls    : The Class-Path manifest attribute in C:\Users\Sasha\.m2\repository\com\sun\xml\bind\jaxb-impl\2.1.3\jaxb-impl-2.1.3.jar referenced one or more files that do not exist: file:/C:/Users/Sasha/.m2/repository/com/sun/xml/bind/jaxb-impl/2.1.3/jaxb-api.jar,file:/C:/Users/Sasha/.m2/repository/com/sun/xml/bind/jaxb-impl/2.1.3/activation.jar,file:/C:/Users/Sasha/.m2/repository/com/sun/xml/bind/jaxb-impl/2.1.3/jsr173_1.0_api.jar,file:/C:/Users/Sasha/.m2/repository/com/sun/xml/bind/jaxb-impl/2.1.3/jaxb1-impl.jar
2021-06-10 22:46:24.596  INFO 16056 --- [restartedMain] .e.DevToolsPropertyDefaultsPostProcessor : Devtools property defaults active! Set 'spring.devtools.add-properties' to 'false' to disable
2021-06-10 22:46:24.597  INFO 16056 --- [restartedMain] .e.DevToolsPropertyDefaultsPostProcessor : For additional web related logging consider setting the 'logging.level.web' property to 'DEBUG'
2021-06-10 22:46:25.443  INFO 16056 --- [restartedMain] .s.d.r.c.RepositoryConfigurationDelegate : Bootstrapping Spring Data repositories in DEFAULT mode.
2021-06-10 22:46:25.469  INFO 16056 --- [restartedMain] .s.d.r.c.RepositoryConfigurationDelegate : Finished Spring Data repository scanning in 22ms. Found 0 repository interfaces.
2021-06-10 22:46:25.823  INFO 16056 --- [restartedMain] trationDelegate$BeanPostProcessorChecker : Bean 'org.springframework.security.config.annotation.configuration.ObjectPostProcessorConfiguration' of type [org.springframework.security.config.annotation.configuration.ObjectPostProcessorConfiguration] is not eligible for getting processed by all BeanPostProcessors (for example: not eligible for auto-proxying)
2021-06-10 22:46:25.827  INFO 16056 --- [restartedMain] trationDelegate$BeanPostProcessorChecker : Bean 'org.springframework.transaction.annotation.ProxyTransactionManagementConfiguration' of type [org.springframework.transaction.annotation.ProxyTransactionManagementConfiguration] is not eligible for getting processed by all BeanPostProcessors (for example: not eligible for auto-proxying)
2021-06-10 22:46:25.840  INFO 16056 --- [restartedMain] trationDelegate$BeanPostProcessorChecker : Bean 'objectPostProcessor' of type [org.springframework.security.config.annotation.configuration.AutowireBeanFactoryObjectPostProcessor] is not eligible for getting processed by all BeanPostProcessors (for example: not eligible for auto-proxying)
2021-06-10 22:46:25.841  INFO 16056 --- [restartedMain] trationDelegate$BeanPostProcessorChecker : Bean 'org.springframework.security.access.expression.method.DefaultMethodSecurityExpressionHandler@3b13878a' of type [org.springframework.security.access.expression.method.DefaultMethodSecurityExpressionHandler] is not eligible for getting processed by all BeanPostProcessors (for example: not eligible for auto-proxying)
2021-06-10 22:46:25.843  INFO 16056 --- [restartedMain] trationDelegate$BeanPostProcessorChecker : Bean 'org.springframework.security.config.annotation.method.configuration.GlobalMethodSecurityConfiguration' of type [org.springframework.security.config.annotation.method.configuration.GlobalMethodSecurityConfiguration] is not eligible for getting processed by all BeanPostProcessors (for example: not eligible for auto-proxying)
2021-06-10 22:46:25.845  INFO 16056 --- [restartedMain] trationDelegate$BeanPostProcessorChecker : Bean 'methodSecurityMetadataSource' of type [org.springframework.security.access.method.DelegatingMethodSecurityMetadataSource] is not eligible for getting processed by all BeanPostProcessors (for example: not eligible for auto-proxying)
2021-06-10 22:46:26.145  INFO 16056 --- [restartedMain] o.s.b.w.embedded.tomcat.TomcatWebServer  : Tomcat initialized with port(s): 8080 (http)
2021-06-10 22:46:26.156  INFO 16056 --- [restartedMain] o.apache.catalina.core.StandardService   : Starting service [Tomcat]
2021-06-10 22:46:26.156  INFO 16056 --- [restartedMain] org.apache.catalina.core.StandardEngine  : Starting Servlet engine: [Apache Tomcat/9.0.27]
2021-06-10 22:46:26.253  INFO 16056 --- [restartedMain] o.a.c.c.C.[Tomcat].[localhost].[/]       : Initializing Spring embedded WebApplicationContext
2021-06-10 22:46:26.253  INFO 16056 --- [restartedMain] o.s.web.context.ContextLoader            : Root WebApplicationContext: initialization completed in 1656 ms
2021-06-10 22:46:26.723  INFO 16056 --- [restartedMain] com.zaxxer.hikari.HikariDataSource       : HikariPool-1 - Starting...
2021-06-10 22:46:26.986  INFO 16056 --- [restartedMain] com.zaxxer.hikari.HikariDataSource       : HikariPool-1 - Start completed.
2021-06-10 22:46:27.225  INFO 16056 --- [restartedMain] o.s.s.web.DefaultSecurityFilterChain     : Creating filter chain: any request, [org.springframework.security.web.context.request.async.WebAsyncManagerIntegrationFilter@67bcc4cf, org.springframework.security.web.context.SecurityContextPersistenceFilter@2059d5c8, org.springframework.security.web.header.HeaderWriterFilter@6f37fbce, org.springframework.security.web.authentication.logout.LogoutFilter@5c7215e0, com.example.monitoring.security.JwtFilter@303b0e07, org.springframework.security.web.savedrequest.RequestCacheAwareFilter@1a13eff0, org.springframework.security.web.servletapi.SecurityContextHolderAwareRequestFilter@4e905808, org.springframework.security.web.authentication.AnonymousAuthenticationFilter@5739f628, org.springframework.security.web.session.SessionManagementFilter@140b6908, org.springframework.security.web.access.ExceptionTranslationFilter@4ec04e4b, org.springframework.security.web.access.intercept.FilterSecurityInterceptor@5fbd60ed]
2021-06-10 22:46:27.432  INFO 16056 --- [restartedMain] o.s.s.concurrent.ThreadPoolTaskExecutor  : Initializing ExecutorService 'applicationTaskExecutor'
2021-06-10 22:46:27.572  WARN 16056 --- [restartedMain] ion$DefaultTemplateResolverConfiguration : Cannot find template location: classpath:/templates/ (please add some templates or check your Thymeleaf configuration)
2021-06-10 22:46:27.726  INFO 16056 --- [restartedMain] o.s.b.d.a.OptionalLiveReloadServer       : LiveReload server is running on port 35729
2021-06-10 22:46:27.774  INFO 16056 --- [restartedMain] o.s.b.w.embedded.tomcat.TomcatWebServer  : Tomcat started on port(s): 8080 (http) with context path ''
2021-06-10 22:46:27.778  INFO 16056 --- [restartedMain] c.example.monitoring.MonitoringService   : Started MonitoringService in 3.616 seconds (JVM running for 4.16)
